n = 500, simulation time = 0.049457 seconds
The 1 Proc form: 1 rows, 1 cols with binNumPerEdge = 50, regRowsOfBinsPerProc = 50, regColsOfBinsPerProc = 50

************
N = 1, n = 500, simulation time = 0.073954 seconds
**********
The 2 Proc form: 2 rows, 1 cols with binNumPerEdge = 50, regRowsOfBinsPerProc = 25, regColsOfBinsPerProc = 50

************
N = 2, n = 500, simulation time = 0.05005 seconds
**********
The 4 Proc form: 2 rows, 2 cols with binNumPerEdge = 50, regRowsOfBinsPerProc = 25, regColsOfBinsPerProc = 25

************
N = 4, n = 500, simulation time = 0.050722 seconds
**********
The 6 Proc form: 3 rows, 2 cols with binNumPerEdge = 50, regRowsOfBinsPerProc = 16, regColsOfBinsPerProc = 25

************
N = 6, n = 500, simulation time = 0.049807 seconds
**********
The 12 Proc form: 4 rows, 3 cols with binNumPerEdge = 50, regRowsOfBinsPerProc = 12, regColsOfBinsPerProc = 16

************
N = 12, n = 500, simulation time = 0.070615 seconds
**********
The 18 Proc form: 3 rows, 6 cols with binNumPerEdge = 50, regRowsOfBinsPerProc = 16, regColsOfBinsPerProc = 8

************
N = 18, n = 500, simulation time = 0.049613 seconds
**********
The 24 Proc form: 4 rows, 6 cols with binNumPerEdge = 50, regRowsOfBinsPerProc = 12, regColsOfBinsPerProc = 8

************
N = 24, n = 500, simulation time = 0.176241 seconds
**********
The 2 Proc form: 2 rows, 1 cols with binNumPerEdge = 71, regRowsOfBinsPerProc = 35, regColsOfBinsPerProc = 71

************
N = 2, n = 1000, simulation time = 0.087214 seconds
**********
The 4 Proc form: 2 rows, 2 cols with binNumPerEdge = 100, regRowsOfBinsPerProc = 50, regColsOfBinsPerProc = 50

************
N = 4, n = 2000, simulation time = 0.113483 seconds
**********
The 6 Proc form: 3 rows, 2 cols with binNumPerEdge = 123, regRowsOfBinsPerProc = 41, regColsOfBinsPerProc = 61

************
N = 6, n = 3000, simulation time = 0.257393 seconds
**********
The 12 Proc form: 4 rows, 3 cols with binNumPerEdge = 174, regRowsOfBinsPerProc = 43, regColsOfBinsPerProc = 58

************
N = 12, n = 6000, simulation time = 0.233889 seconds
**********
The 18 Proc form: 3 rows, 6 cols with binNumPerEdge = 213, regRowsOfBinsPerProc = 71, regColsOfBinsPerProc = 35

************
N = 18, n = 9000, simulation time = 0.3583 seconds
**********
The 24 Proc form: 4 rows, 6 cols with binNumPerEdge = 245, regRowsOfBinsPerProc = 61, regColsOfBinsPerProc = 40

************
N = 24, n = 12000, simulation time = 0.334013 seconds
**********

Strong scaling estimates are :
 (speedup)
 (efficiency)    for
 threads/processors

Average strong scaling efficiency:    -nan 

Weak scaling estimates are :
 (efficiency)    for
 threads/processors

Average weak scaling efficiency:    -nan 

