n = 500, simulation time = 0.049013 seconds
The 1 Proc form: 1 rows, 1 cols with binNumPerEdge = 50, regRowsOfBinsPerProc = 50, regColsOfBinsPerProc = 50

************
N = 1, n = 500, simulation time = 0.074175 seconds
**********
The 2 Proc form: 2 rows, 1 cols with binNumPerEdge = 50, regRowsOfBinsPerProc = 25, regColsOfBinsPerProc = 50

************
N = 2, n = 500, simulation time = 0.054727 seconds
**********
The 4 Proc form: 2 rows, 2 cols with binNumPerEdge = 50, regRowsOfBinsPerProc = 25, regColsOfBinsPerProc = 25

************
N = 4, n = 500, simulation time = 0.037856 seconds
**********
The 6 Proc form: 3 rows, 2 cols with binNumPerEdge = 50, regRowsOfBinsPerProc = 16, regColsOfBinsPerProc = 25

************
N = 6, n = 500, simulation time = 0.041771 seconds
**********
The 12 Proc form: 4 rows, 3 cols with binNumPerEdge = 50, regRowsOfBinsPerProc = 12, regColsOfBinsPerProc = 16

************
N = 12, n = 500, simulation time = 0.110048 seconds
**********
The 18 Proc form: 3 rows, 6 cols with binNumPerEdge = 50, regRowsOfBinsPerProc = 16, regColsOfBinsPerProc = 8

************
N = 18, n = 500, simulation time = 0.056513 seconds
**********
The 24 Proc form: 4 rows, 6 cols with binNumPerEdge = 50, regRowsOfBinsPerProc = 12, regColsOfBinsPerProc = 8

************
N = 24, n = 500, simulation time = 0.062911 seconds
**********
The 2 Proc form: 2 rows, 1 cols with binNumPerEdge = 71, regRowsOfBinsPerProc = 35, regColsOfBinsPerProc = 71

************
N = 2, n = 1000, simulation time = 0.088157 seconds
**********
The 4 Proc form: 2 rows, 2 cols with binNumPerEdge = 100, regRowsOfBinsPerProc = 50, regColsOfBinsPerProc = 50

************
N = 4, n = 2000, simulation time = 0.108061 seconds
**********
The 6 Proc form: 3 rows, 2 cols with binNumPerEdge = 123, regRowsOfBinsPerProc = 41, regColsOfBinsPerProc = 61

************
N = 6, n = 3000, simulation time = 0.192678 seconds
**********
The 12 Proc form: 4 rows, 3 cols with binNumPerEdge = 174, regRowsOfBinsPerProc = 43, regColsOfBinsPerProc = 58

************
N = 12, n = 6000, simulation time = 0.200362 seconds
**********
The 18 Proc form: 3 rows, 6 cols with binNumPerEdge = 213, regRowsOfBinsPerProc = 71, regColsOfBinsPerProc = 35

************
N = 18, n = 9000, simulation time = 0.359694 seconds
**********
The 24 Proc form: 4 rows, 6 cols with binNumPerEdge = 245, regRowsOfBinsPerProc = 61, regColsOfBinsPerProc = 40

************
N = 24, n = 12000, simulation time = 0.292032 seconds
**********

Strong scaling estimates are :
    0.66    0.90    1.29    1.17    0.45    0.87    0.78 (speedup)
    0.66    0.45    0.32    0.20    0.04    0.05    0.03 (efficiency)    for
       1       2       4       6      12      18      24 threads/processors

Average strong scaling efficiency:    0.25 

Weak scaling estimates are :
    0.66    0.56    0.45    0.25    0.24    0.14    0.17 (efficiency)    for
       1       2       4       6      12      18      24 threads/processors

Average weak scaling efficiency:    0.35 

