n = 500, simulation time = 0.048998 seconds
n = 500,threads = 1, simulation time = 0.071353 seconds
n = 500,threads = 2, simulation time = 0.059025 seconds
n = 500,threads = 4, simulation time = 0.040224 seconds
n = 500,threads = 6, simulation time = 0.05135 seconds
n = 500,threads = 12, simulation time = 0.043114 seconds
n = 500,threads = 18, simulation time = 0.066927 seconds
n = 500,threads = 24, simulation time = 0.097484 seconds
n = 1000,threads = 2, simulation time = 0.123786 seconds
n = 2000,threads = 4, simulation time = 0.152808 seconds
n = 3000,threads = 6, simulation time = 0.179938 seconds
n = 6000,threads = 12, simulation time = 0.198868 seconds
n = 9000,threads = 18, simulation time = 0.46228 seconds
n = 12000,threads = 24, simulation time = 0.529636 seconds

Strong scaling estimates are :
    0.69    0.83    1.22    0.95    1.14    0.73    0.50 (speedup)
    0.69    0.42    0.30    0.16    0.09    0.04    0.02 (efficiency)    for
       1       2       4       6      12      18      24 threads/processors

Average strong scaling efficiency:    0.25 

Weak scaling estimates are :
    0.69    0.40    0.32    0.27    0.25    0.11    0.09 (efficiency)    for
       1       2       4       6      12      18      24 threads/processors

Average weak scaling efficiency:    0.30 

